<?xml version="1.0" encoding="UTF-8"?>
<!-- Generated by org.testng.reporters.JUnitReportReporter -->
<testsuite hostname="Arcadia" name="com.qtrf.core.DriverManagerParallel" tests="2" failures="0" timestamp="21 Jul 2016 03:52:35 GMT" time="70.048" errors="0">
  <testcase name="test" time="35.654" classname="com.qtrf.core.DriverManagerParallel"/>
  <testcase name="test" time="34.394" classname="com.qtrf.core.DriverManagerParallel"/>
</testsuite> <!-- com.qtrf.core.DriverManagerParallel -->
