<?xml version="1.0" encoding="UTF-8"?>
<!-- Generated by org.testng.reporters.JUnitReportReporter -->
<testsuite hostname="Arcadia" name="com.qtrf.core.DriverManagerParallel" tests="2" failures="0" timestamp="11 Jul 2016 03:26:00 GMT" time="129.711" errors="0">
  <testcase name="test" time="66.054" classname="com.qtrf.core.DriverManagerParallel"/>
  <testcase name="test" time="63.657" classname="com.qtrf.core.DriverManagerParallel"/>
</testsuite> <!-- com.qtrf.core.DriverManagerParallel -->
