<?xml version="1.0" encoding="UTF-8"?>
<!-- Generated by org.testng.reporters.JUnitReportReporter -->
<testsuite hostname="Arcadia" name="com.qtrf.core.DriverManager" tests="1" failures="0" timestamp="11 Jul 2016 05:09:53 GMT" time="66.022" errors="0">
  <testcase name="test" time="66.022" classname="com.qtrf.core.DriverManager"/>
</testsuite> <!-- com.qtrf.core.DriverManager -->
