<?xml version="1.0" encoding="UTF-8"?>
<!-- Generated by org.testng.reporters.JUnitReportReporter -->
<testsuite hostname="Arcadia" name="com.qtrf.mobile.application.DriverManager" tests="1" failures="0" timestamp="13 Jul 2016 07:36:53 GMT" time="86.686" errors="0">
  <testcase name="test" time="86.686" classname="com.qtrf.mobile.application.DriverManager"/>
</testsuite> <!-- com.qtrf.mobile.application.DriverManager -->
